#
# There is insufficient memory for the Java Runtime Environment to continue.
# Native memory allocation (malloc) failed to allocate 1228976 bytes. Error detail: Chunk::new
# Possible reasons:
#   The system is out of physical RAM or swap space
#   This process is running with CompressedOops enabled, and the Java Heap may be blocking the growth of the native heap
# Possible solutions:
#   Reduce memory load on the system
#   Increase physical memory or swap space
#   Check if swap backing store is full
#   Decrease Java heap size (-Xmx/-Xms)
#   Decrease number of Java threads
#   Decrease Java thread stack sizes (-Xss)
#   Set larger code cache with -XX:ReservedCodeCacheSize=
#   JVM is running with Zero Based Compressed Oops mode in which the Java heap is
#     placed in the first 32GB address space. The Java Heap base address is the
#     maximum limit for the native heap growth. Please use -XX:HeapBaseMinAddress
#     to set the Java Heap base and to place the Java Heap above 32GB virtual address.
# This output file may be truncated or incomplete.
#
#  Out of Memory Error (arena.cpp:168), pid=3524, tid=27248
#
# JRE version: OpenJDK Runtime Environment JBR-21.0.8+1-1038.72-jcef (21.0.8+1) (build 21.0.8+1-b1038.72)
# Java VM: OpenJDK 64-Bit Server VM JBR-21.0.8+1-1038.72-jcef (21.0.8+1-b1038.72, mixed mode, sharing, tiered, compressed oops, compressed class ptrs, g1 gc, windows-amd64)
# No core dump will be written. Minidumps are not enabled by default on client versions of Windows
#

---------------  S U M M A R Y ------------

Command Line: git4idea.http.GitAskPassApp Username for 'https://github.com': 

Host: 12th Gen Intel(R) Core(TM) i5-12500H, 16 cores, 15G,  Windows 11 , 64 bit Build 26100 (10.0.26100.6725)
Time: Thu Oct 30 17:08:23 2025 SE Asia Standard Time elapsed time: 0.961052 seconds (0d 0h 0m 0s)

---------------  T H R E A D  ---------------

Current thread (0x0000022192949d70):  JavaThread "C2 CompilerThread1" daemon [_thread_in_native, id=27248, stack(0x000000a084f00000,0x000000a085000000) (1024K)]


Current CompileTask:
C2:961 1184       4       sun.security.ec.ECOperations::setDouble (463 bytes)

Stack: [0x000000a084f00000,0x000000a085000000]
Native frames: (J=compiled Java code, j=interpreted, Vv=VM code, C=native code)
V  [jvm.dll+0x6ebeb9]
V  [jvm.dll+0x8cbec3]
V  [jvm.dll+0x8ce47e]
V  [jvm.dll+0x8ceb63]
V  [jvm.dll+0x28adf6]
V  [jvm.dll+0xc6f3d]
V  [jvm.dll+0xc7473]
V  [jvm.dll+0x3c7ab1]
V  [jvm.dll+0x393697]
V  [jvm.dll+0x392b0a]
V  [jvm.dll+0x251d92]
V  [jvm.dll+0x251361]
V  [jvm.dll+0x1ceb64]
V  [jvm.dll+0x260bfe]
V  [jvm.dll+0x25f146]
V  [jvm.dll+0x402ee6]
V  [jvm.dll+0x873a78]
V  [jvm.dll+0x6ea63d]
C  [ucrtbase.dll+0x37b0]
C  [KERNEL32.DLL+0x2e8d7]
C  [ntdll.dll+0x8c53c]


---------------  P R O C E S S  ---------------

Threads class SMR info:
_java_thread_list=0x0000022192820680, length=18, elements={
0x000002212e343dd0, 0x000002214bd91fa0, 0x000002214bd99370, 0x000002214bd9e220,
0x000002214bd9f2f0, 0x000002214bda2000, 0x000002214bda02b0, 0x000002214bda3f50,
0x000002214bda5040, 0x000002214bdb11a0, 0x00000221921057b0, 0x0000022192158840,
0x00000221927d9d00, 0x0000022192836a00, 0x00000221928da370, 0x0000022192949d70,
0x000002219281fcb0, 0x000002219282a940
}

Java Threads: ( => current thread )
  0x000002212e343dd0 JavaThread "main"                              [_thread_blocked, id=6908, stack(0x000000a083800000,0x000000a083900000) (1024K)]
  0x000002214bd91fa0 JavaThread "Common-Cleaner"             daemon [_thread_blocked, id=3576, stack(0x000000a084000000,0x000000a084100000) (1024K)]
  0x000002214bd99370 JavaThread "Reference Handler"          daemon [_thread_blocked, id=21384, stack(0x000000a084100000,0x000000a084200000) (1024K)]
  0x000002214bd9e220 JavaThread "Finalizer"                  daemon [_thread_blocked, id=25184, stack(0x000000a084200000,0x000000a084300000) (1024K)]
  0x000002214bd9f2f0 JavaThread "Signal Dispatcher"          daemon [_thread_blocked, id=15584, stack(0x000000a084300000,0x000000a084400000) (1024K)]
  0x000002214bda2000 JavaThread "Attach Listener"            daemon [_thread_blocked, id=23276, stack(0x000000a084400000,0x000000a084500000) (1024K)]
  0x000002214bda02b0 JavaThread "Service Thread"             daemon [_thread_blocked, id=1640, stack(0x000000a084500000,0x000000a084600000) (1024K)]
  0x000002214bda3f50 JavaThread "Monitor Deflation Thread"   daemon [_thread_blocked, id=19100, stack(0x000000a084600000,0x000000a084700000) (1024K)]
  0x000002214bda5040 JavaThread "C2 CompilerThread0"         daemon [_thread_blocked, id=23448, stack(0x000000a084700000,0x000000a084800000) (1024K)]
  0x000002214bdb11a0 JavaThread "C1 CompilerThread0"         daemon [_thread_blocked, id=20148, stack(0x000000a084800000,0x000000a084900000) (1024K)]
  0x00000221921057b0 JavaThread "C1 CompilerThread1"         daemon [_thread_blocked, id=24696, stack(0x000000a084900000,0x000000a084a00000) (1024K)]
  0x0000022192158840 JavaThread "Notification Thread"        daemon [_thread_blocked, id=20696, stack(0x000000a084a00000,0x000000a084b00000) (1024K)]
  0x00000221927d9d00 JavaThread "HttpClient-1-SelectorManager" daemon [_thread_in_native, id=24128, stack(0x000000a084c00000,0x000000a084d00000) (1024K)]
  0x0000022192836a00 JavaThread "HttpClient-1-Worker-0"      daemon [_thread_blocked, id=10948, stack(0x000000a084d00000,0x000000a084e00000) (1024K)]
  0x00000221928da370 JavaThread "HttpClient-1-Worker-1"      daemon [_thread_blocked, id=22888, stack(0x000000a084e00000,0x000000a084f00000) (1024K)]
=>0x0000022192949d70 JavaThread "C2 CompilerThread1"         daemon [_thread_in_native, id=27248, stack(0x000000a084f00000,0x000000a085000000) (1024K)]
  0x000002219281fcb0 JavaThread "C2 CompilerThread2"         daemon [_thread_blocked, id=9376, stack(0x000000a085000000,0x000000a085100000) (1024K)]
  0x000002219282a940 JavaThread "C2 CompilerThread3"         daemon [_thread_blocked, id=3264, stack(0x000000a085100000,0x000000a085200000) (1024K)]
Total: 18

Other Threads:
  0x000002214bd76200 VMThread "VM Thread"                           [id=18152, stack(0x000000a083f00000,0x000000a084000000) (1024K)]
  0x000002214bd64cd0 WatcherThread "VM Periodic Task Thread"        [id=19032, stack(0x000000a083e00000,0x000000a083f00000) (1024K)]
  0x0000022130623a80 WorkerThread "GC Thread#0"                     [id=26256, stack(0x000000a083900000,0x000000a083a00000) (1024K)]
  0x00000221306353b0 ConcurrentGCThread "G1 Main Marker"            [id=26516, stack(0x000000a083a00000,0x000000a083b00000) (1024K)]
  0x00000221306374d0 WorkerThread "G1 Conc#0"                       [id=22164, stack(0x000000a083b00000,0x000000a083c00000) (1024K)]
  0x000002214bc2b060 ConcurrentGCThread "G1 Refine#0"               [id=13648, stack(0x000000a083c00000,0x000000a083d00000) (1024K)]
  0x000002214bc2c990 ConcurrentGCThread "G1 Service"                [id=4604, stack(0x000000a083d00000,0x000000a083e00000) (1024K)]
Total: 7

Threads with active compile tasks:
C2 CompilerThread1  1005 1184       4       sun.security.ec.ECOperations::setDouble (463 bytes)
Total: 1

VM state: not at safepoint (normal execution)

VM Mutex/Monitor currently owned by a thread: None

Heap address: 0x0000000705200000, size: 4014 MB, Compressed Oops mode: Zero based, Oop shift amount: 3

CDS archive(s) mapped at: [0x000002214c000000-0x000002214dc00000-0x000002214dc00000), size 29360128, SharedBaseAddress: 0x000002214c000000, ArchiveRelocationMode: 1.
Compressed class space mapped at: 0x000002214e000000-0x000002218e000000, reserved size: 1073741824
Narrow klass base: 0x000002214c000000, Narrow klass shift: 0, Narrow klass range: 0x100000000

GC Precious Log:
 CardTable entry size: 512
 Card Set container configuration: InlinePtr #cards 4 size 8 Array Of Cards #cards 16 size 48 Howl #buckets 8 coarsen threshold 3686 Howl Bitmap #cards 512 size 80 coarsen threshold 460 Card regions per heap region 1 cards per card region 4096
 CPUs: 16 total, 16 available
 Memory: 16052M
 Large Page Support: Disabled
 NUMA Support: Disabled
 Compressed Oops: Enabled (Zero based)
 Heap Region Size: 2M
 Heap Min Capacity: 8M
 Heap Initial Capacity: 252M
 Heap Max Capacity: 4014M
 Pre-touch: Disabled
 Parallel Workers: 13
 Concurrent Workers: 3
 Concurrent Refinement Workers: 13
 Periodic GC: Disabled

Heap:
 garbage-first heap   total 258048K, used 16384K [0x0000000705200000, 0x0000000800000000)
  region size 2048K, 9 young (18432K), 0 survivors (0K)
 Metaspace       used 3541K, committed 3776K, reserved 1114112K
  class space    used 423K, committed 512K, reserved 1048576K

Heap Regions: E=young(eden), S=young(survivor), O=old, HS=humongous(starts), HC=humongous(continues), CS=collection set, F=free, TAMS=top-at-mark-start, PB=parsable bottom
|   0|0x0000000705200000, 0x0000000705200000, 0x0000000705400000|  0%| F|  |TAMS 0x0000000705200000| PB 0x0000000705200000| Untracked 
|   1|0x0000000705400000, 0x0000000705400000, 0x0000000705600000|  0%| F|  |TAMS 0x0000000705400000| PB 0x0000000705400000| Untracked 
|   2|0x0000000705600000, 0x0000000705600000, 0x0000000705800000|  0%| F|  |TAMS 0x0000000705600000| PB 0x0000000705600000| Untracked 
|   3|0x0000000705800000, 0x0000000705800000, 0x0000000705a00000|  0%| F|  |TAMS 0x0000000705800000| PB 0x0000000705800000| Untracked 
|   4|0x0000000705a00000, 0x0000000705a00000, 0x0000000705c00000|  0%| F|  |TAMS 0x0000000705a00000| PB 0x0000000705a00000| Untracked 
|   5|0x0000000705c00000, 0x0000000705c00000, 0x0000000705e00000|  0%| F|  |TAMS 0x0000000705c00000| PB 0x0000000705c00000| Untracked 
|   6|0x0000000705e00000, 0x0000000705e00000, 0x0000000706000000|  0%| F|  |TAMS 0x0000000705e00000| PB 0x0000000705e00000| Untracked 
|   7|0x0000000706000000, 0x0000000706000000, 0x0000000706200000|  0%| F|  |TAMS 0x0000000706000000| PB 0x0000000706000000| Untracked 
|   8|0x0000000706200000, 0x0000000706200000, 0x0000000706400000|  0%| F|  |TAMS 0x0000000706200000| PB 0x0000000706200000| Untracked 
|   9|0x0000000706400000, 0x0000000706400000, 0x0000000706600000|  0%| F|  |TAMS 0x0000000706400000| PB 0x0000000706400000| Untracked 
|  10|0x0000000706600000, 0x0000000706600000, 0x0000000706800000|  0%| F|  |TAMS 0x0000000706600000| PB 0x0000000706600000| Untracked 
|  11|0x0000000706800000, 0x0000000706800000, 0x0000000706a00000|  0%| F|  |TAMS 0x0000000706800000| PB 0x0000000706800000| Untracked 
|  12|0x0000000706a00000, 0x0000000706a00000, 0x0000000706c00000|  0%| F|  |TAMS 0x0000000706a00000| PB 0x0000000706a00000| Untracked 
|  13|0x0000000706c00000, 0x0000000706c00000, 0x0000000706e00000|  0%| F|  |TAMS 0x0000000706c00000| PB 0x0000000706c00000| Untracked 
|  14|0x0000000706e00000, 0x0000000706e00000, 0x0000000707000000|  0%| F|  |TAMS 0x0000000706e00000| PB 0x0000000706e00000| Untracked 
|  15|0x0000000707000000, 0x0000000707000000, 0x0000000707200000|  0%| F|  |TAMS 0x0000000707000000| PB 0x0000000707000000| Untracked 
|  16|0x0000000707200000, 0x0000000707200000, 0x0000000707400000|  0%| F|  |TAMS 0x0000000707200000| PB 0x0000000707200000| Untracked 
|  17|0x0000000707400000, 0x0000000707400000, 0x0000000707600000|  0%| F|  |TAMS 0x0000000707400000| PB 0x0000000707400000| Untracked 
|  18|0x0000000707600000, 0x0000000707600000, 0x0000000707800000|  0%| F|  |TAMS 0x0000000707600000| PB 0x0000000707600000| Untracked 
|  19|0x0000000707800000, 0x0000000707800000, 0x0000000707a00000|  0%| F|  |TAMS 0x0000000707800000| PB 0x0000000707800000| Untracked 
|  20|0x0000000707a00000, 0x0000000707a00000, 0x0000000707c00000|  0%| F|  |TAMS 0x0000000707a00000| PB 0x0000000707a00000| Untracked 
|  21|0x0000000707c00000, 0x0000000707c00000, 0x0000000707e00000|  0%| F|  |TAMS 0x0000000707c00000| PB 0x0000000707c00000| Untracked 
|  22|0x0000000707e00000, 0x0000000707e00000, 0x0000000708000000|  0%| F|  |TAMS 0x0000000707e00000| PB 0x0000000707e00000| Untracked 
|  23|0x0000000708000000, 0x0000000708000000, 0x0000000708200000|  0%| F|  |TAMS 0x0000000708000000| PB 0x0000000708000000| Untracked 
|  24|0x0000000708200000, 0x0000000708200000, 0x0000000708400000|  0%| F|  |TAMS 0x0000000708200000| PB 0x0000000708200000| Untracked 
|  25|0x0000000708400000, 0x0000000708400000, 0x0000000708600000|  0%| F|  |TAMS 0x0000000708400000| PB 0x0000000708400000| Untracked 
|  26|0x0000000708600000, 0x0000000708600000, 0x0000000708800000|  0%| F|  |TAMS 0x0000000708600000| PB 0x0000000708600000| Untracked 
|  27|0x0000000708800000, 0x0000000708800000, 0x0000000708a00000|  0%| F|  |TAMS 0x0000000708800000| PB 0x0000000708800000| Untracked 
|  28|0x0000000708a00000, 0x0000000708a00000, 0x0000000708c00000|  0%| F|  |TAMS 0x0000000708a00000| PB 0x0000000708a00000| Untracked 
|  29|0x0000000708c00000, 0x0000000708c00000, 0x0000000708e00000|  0%| F|  |TAMS 0x0000000708c00000| PB 0x0000000708c00000| Untracked 
|  30|0x0000000708e00000, 0x0000000708e00000, 0x0000000709000000|  0%| F|  |TAMS 0x0000000708e00000| PB 0x0000000708e00000| Untracked 
|  31|0x0000000709000000, 0x0000000709000000, 0x0000000709200000|  0%| F|  |TAMS 0x0000000709000000| PB 0x0000000709000000| Untracked 
|  32|0x0000000709200000, 0x0000000709200000, 0x0000000709400000|  0%| F|  |TAMS 0x0000000709200000| PB 0x0000000709200000| Untracked 
|  33|0x0000000709400000, 0x0000000709400000, 0x0000000709600000|  0%| F|  |TAMS 0x0000000709400000| PB 0x0000000709400000| Untracked 
|  34|0x0000000709600000, 0x0000000709600000, 0x0000000709800000|  0%| F|  |TAMS 0x0000000709600000| PB 0x0000000709600000| Untracked 
|  35|0x0000000709800000, 0x0000000709800000, 0x0000000709a00000|  0%| F|  |TAMS 0x0000000709800000| PB 0x0000000709800000| Untracked 
|  36|0x0000000709a00000, 0x0000000709a00000, 0x0000000709c00000|  0%| F|  |TAMS 0x0000000709a00000| PB 0x0000000709a00000| Untracked 
|  37|0x0000000709c00000, 0x0000000709c00000, 0x0000000709e00000|  0%| F|  |TAMS 0x0000000709c00000| PB 0x0000000709c00000| Untracked 
|  38|0x0000000709e00000, 0x0000000709e00000, 0x000000070a000000|  0%| F|  |TAMS 0x0000000709e00000| PB 0x0000000709e00000| Untracked 
|  39|0x000000070a000000, 0x000000070a000000, 0x000000070a200000|  0%| F|  |TAMS 0x000000070a000000| PB 0x000000070a000000| Untracked 
|  40|0x000000070a200000, 0x000000070a200000, 0x000000070a400000|  0%| F|  |TAMS 0x000000070a200000| PB 0x000000070a200000| Untracked 
|  41|0x000000070a400000, 0x000000070a400000, 0x000000070a600000|  0%| F|  |TAMS 0x000000070a400000| PB 0x000000070a400000| Untracked 
|  42|0x000000070a600000, 0x000000070a600000, 0x000000070a800000|  0%| F|  |TAMS 0x000000070a600000| PB 0x000000070a600000| Untracked 
|  43|0x000000070a800000, 0x000000070a800000, 0x000000070aa00000|  0%| F|  |TAMS 0x000000070a800000| PB 0x000000070a800000| Untracked 
|  44|0x000000070aa00000, 0x000000070aa00000, 0x000000070ac00000|  0%| F|  |TAMS 0x000000070aa00000| PB 0x000000070aa00000| Untracked 
|  45|0x000000070ac00000, 0x000000070ac00000, 0x000000070ae00000|  0%| F|  |TAMS 0x000000070ac00000| PB 0x000000070ac00000| Untracked 
|  46|0x000000070ae00000, 0x000000070ae00000, 0x000000070b000000|  0%| F|  |TAMS 0x000000070ae00000| PB 0x000000070ae00000| Untracked 
|  47|0x000000070b000000, 0x000000070b000000, 0x000000070b200000|  0%| F|  |TAMS 0x000000070b000000| PB 0x000000070b000000| Untracked 
|  48|0x000000070b200000, 0x000000070b200000, 0x000000070b400000|  0%| F|  |TAMS 0x000000070b200000| PB 0x000000070b200000| Untracked 
|  49|0x000000070b400000, 0x000000070b400000, 0x000000070b600000|  0%| F|  |TAMS 0x000000070b400000| PB 0x000000070b400000| Untracked 
|  50|0x000000070b600000, 0x000000070b600000, 0x000000070b800000|  0%| F|  |TAMS 0x000000070b600000| PB 0x000000070b600000| Untracked 
|  51|0x000000070b800000, 0x000000070b800000, 0x000000070ba00000|  0%| F|  |TAMS 0x000000070b800000| PB 0x000000070b800000| Untracked 
|  52|0x000000070ba00000, 0x000000070ba00000, 0x000000070bc00000|  0%| F|  |TAMS 0x000000070ba00000| PB 0x000000070ba00000| Untracked 
|  53|0x000000070bc00000, 0x000000070bc00000, 0x000000070be00000|  0%| F|  |TAMS 0x000000070bc00000| PB 0x000000070bc00000| Untracked 
|  54|0x000000070be00000, 0x000000070be00000, 0x000000070c000000|  0%| F|  |TAMS 0x000000070be00000| PB 0x000000070be00000| Untracked 
|  55|0x000000070c000000, 0x000000070c000000, 0x000000070c200000|  0%| F|  |TAMS 0x000000070c000000| PB 0x000000070c000000| Untracked 
|  56|0x000000070c200000, 0x000000070c200000, 0x000000070c400000|  0%| F|  |TAMS 0x000000070c200000| PB 0x000000070c200000| Untracked 
|  57|0x000000070c400000, 0x000000070c400000, 0x000000070c600000|  0%| F|  |TAMS 0x000000070c400000| PB 0x000000070c400000| Untracked 
|  58|0x000000070c600000, 0x000000070c600000, 0x000000070c800000|  0%| F|  |TAMS 0x000000070c600000| PB 0x000000070c600000| Untracked 
|  59|0x000000070c800000, 0x000000070c800000, 0x000000070ca00000|  0%| F|  |TAMS 0x000000070c800000| PB 0x000000070c800000| Untracked 
|  60|0x000000070ca00000, 0x000000070ca00000, 0x000000070cc00000|  0%| F|  |TAMS 0x000000070ca00000| PB 0x000000070ca00000| Untracked 
|  61|0x000000070cc00000, 0x000000070cc00000, 0x000000070ce00000|  0%| F|  |TAMS 0x000000070cc00000| PB 0x000000070cc00000| Untracked 
|  62|0x000000070ce00000, 0x000000070ce00000, 0x000000070d000000|  0%| F|  |TAMS 0x000000070ce00000| PB 0x000000070ce00000| Untracked 
|  63|0x000000070d000000, 0x000000070d000000, 0x000000070d200000|  0%| F|  |TAMS 0x000000070d000000| PB 0x000000070d000000| Untracked 
|  64|0x000000070d200000, 0x000000070d200000, 0x000000070d400000|  0%| F|  |TAMS 0x000000070d200000| PB 0x000000070d200000| Untracked 
|  65|0x000000070d400000, 0x000000070d400000, 0x000000070d600000|  0%| F|  |TAMS 0x000000070d400000| PB 0x000000070d400000| Untracked 
|  66|0x000000070d600000, 0x000000070d600000, 0x000000070d800000|  0%| F|  |TAMS 0x000000070d600000| PB 0x000000070d600000| Untracked 
|  67|0x000000070d800000, 0x000000070d800000, 0x000000070da00000|  0%| F|  |TAMS 0x000000070d800000| PB 0x000000070d800000| Untracked 
|  68|0x000000070da00000, 0x000000070da00000, 0x000000070dc00000|  0%| F|  |TAMS 0x000000070da00000| PB 0x000000070da00000| Untracked 
|  69|0x000000070dc00000, 0x000000070dc00000, 0x000000070de00000|  0%| F|  |TAMS 0x000000070dc00000| PB 0x000000070dc00000| Untracked 
|  70|0x000000070de00000, 0x000000070de00000, 0x000000070e000000|  0%| F|  |TAMS 0x000000070de00000| PB 0x000000070de00000| Untracked 
|  71|0x000000070e000000, 0x000000070e000000, 0x000000070e200000|  0%| F|  |TAMS 0x000000070e000000| PB 0x000000070e000000| Untracked 
|  72|0x000000070e200000, 0x000000070e200000, 0x000000070e400000|  0%| F|  |TAMS 0x000000070e200000| PB 0x000000070e200000| Untracked 
|  73|0x000000070e400000, 0x000000070e400000, 0x000000070e600000|  0%| F|  |TAMS 0x000000070e400000| PB 0x000000070e400000| Untracked 
|  74|0x000000070e600000, 0x000000070e600000, 0x000000070e800000|  0%| F|  |TAMS 0x000000070e600000| PB 0x000000070e600000| Untracked 
|  75|0x000000070e800000, 0x000000070e800000, 0x000000070ea00000|  0%| F|  |TAMS 0x000000070e800000| PB 0x000000070e800000| Untracked 
|  76|0x000000070ea00000, 0x000000070ea00000, 0x000000070ec00000|  0%| F|  |TAMS 0x000000070ea00000| PB 0x000000070ea00000| Untracked 
|  77|0x000000070ec00000, 0x000000070ec00000, 0x000000070ee00000|  0%| F|  |TAMS 0x000000070ec00000| PB 0x000000070ec00000| Untracked 
|  78|0x000000070ee00000, 0x000000070ee00000, 0x000000070f000000|  0%| F|  |TAMS 0x000000070ee00000| PB 0x000000070ee00000| Untracked 
|  79|0x000000070f000000, 0x000000070f000000, 0x000000070f200000|  0%| F|  |TAMS 0x000000070f000000| PB 0x000000070f000000| Untracked 
|  80|0x000000070f200000, 0x000000070f200000, 0x000000070f400000|  0%| F|  |TAMS 0x000000070f200000| PB 0x000000070f200000| Untracked 
|  81|0x000000070f400000, 0x000000070f400000, 0x000000070f600000|  0%| F|  |TAMS 0x000000070f400000| PB 0x000000070f400000| Untracked 
|  82|0x000000070f600000, 0x000000070f600000, 0x000000070f800000|  0%| F|  |TAMS 0x000000070f600000| PB 0x000000070f600000| Untracked 
|  83|0x000000070f800000, 0x000000070f800000, 0x000000070fa00000|  0%| F|  |TAMS 0x000000070f800000| PB 0x000000070f800000| Untracked 
|  84|0x000000070fa00000, 0x000000070fa00000, 0x000000070fc00000|  0%| F|  |TAMS 0x000000070fa00000| PB 0x000000070fa00000| Untracked 
|  85|0x000000070fc00000, 0x000000070fc00000, 0x000000070fe00000|  0%| F|  |TAMS 0x000000070fc00000| PB 0x000000070fc00000| Untracked 
|  86|0x000000070fe00000, 0x000000070fe00000, 0x0000000710000000|  0%| F|  |TAMS 0x000000070fe00000| PB 0x000000070fe00000| Untracked 
|  87|0x0000000710000000, 0x0000000710000000, 0x0000000710200000|  0%| F|  |TAMS 0x0000000710000000| PB 0x0000000710000000| Untracked 
|  88|0x0000000710200000, 0x0000000710200000, 0x0000000710400000|  0%| F|  |TAMS 0x0000000710200000| PB 0x0000000710200000| Untracked 
|  89|0x0000000710400000, 0x0000000710400000, 0x0000000710600000|  0%| F|  |TAMS 0x0000000710400000| PB 0x0000000710400000| Untracked 
|  90|0x0000000710600000, 0x0000000710600000, 0x0000000710800000|  0%| F|  |TAMS 0x0000000710600000| PB 0x0000000710600000| Untracked 
|  91|0x0000000710800000, 0x0000000710800000, 0x0000000710a00000|  0%| F|  |TAMS 0x0000000710800000| PB 0x0000000710800000| Untracked 
|  92|0x0000000710a00000, 0x0000000710a00000, 0x0000000710c00000|  0%| F|  |TAMS 0x0000000710a00000| PB 0x0000000710a00000| Untracked 
|  93|0x0000000710c00000, 0x0000000710c00000, 0x0000000710e00000|  0%| F|  |TAMS 0x0000000710c00000| PB 0x0000000710c00000| Untracked 
|  94|0x0000000710e00000, 0x0000000710e00000, 0x0000000711000000|  0%| F|  |TAMS 0x0000000710e00000| PB 0x0000000710e00000| Untracked 
|  95|0x0000000711000000, 0x0000000711000000, 0x0000000711200000|  0%| F|  |TAMS 0x0000000711000000| PB 0x0000000711000000| Untracked 
|  96|0x0000000711200000, 0x0000000711200000, 0x0000000711400000|  0%| F|  |TAMS 0x0000000711200000| PB 0x0000000711200000| Untracked 
|  97|0x0000000711400000, 0x0000000711400000, 0x0000000711600000|  0%| F|  |TAMS 0x0000000711400000| PB 0x0000000711400000| Untracked 
|  98|0x0000000711600000, 0x0000000711600000, 0x0000000711800000|  0%| F|  |TAMS 0x0000000711600000| PB 0x0000000711600000| Untracked 
|  99|0x0000000711800000, 0x0000000711800000, 0x0000000711a00000|  0%| F|  |TAMS 0x0000000711800000| PB 0x0000000711800000| Untracked 
| 100|0x0000000711a00000, 0x0000000711a00000, 0x0000000711c00000|  0%| F|  |TAMS 0x0000000711a00000| PB 0x0000000711a00000| Untracked 
| 101|0x0000000711c00000, 0x0000000711c00000, 0x0000000711e00000|  0%| F|  |TAMS 0x0000000711c00000| PB 0x0000000711c00000| Untracked 
| 102|0x0000000711e00000, 0x0000000711e00000, 0x0000000712000000|  0%| F|  |TAMS 0x0000000711e00000| PB 0x0000000711e00000| Untracked 
| 103|0x0000000712000000, 0x0000000712000000, 0x0000000712200000|  0%| F|  |TAMS 0x0000000712000000| PB 0x0000000712000000| Untracked 
| 104|0x0000000712200000, 0x0000000712200000, 0x0000000712400000|  0%| F|  |TAMS 0x0000000712200000| PB 0x0000000712200000| Untracked 
| 105|0x0000000712400000, 0x0000000712400000, 0x0000000712600000|  0%| F|  |TAMS 0x0000000712400000| PB 0x0000000712400000| Untracked 
| 106|0x0000000712600000, 0x0000000712600000, 0x0000000712800000|  0%| F|  |TAMS 0x0000000712600000| PB 0x0000000712600000| Untracked 
| 107|0x0000000712800000, 0x0000000712800000, 0x0000000712a00000|  0%| F|  |TAMS 0x0000000712800000| PB 0x0000000712800000| Untracked 
| 108|0x0000000712a00000, 0x0000000712a00000, 0x0000000712c00000|  0%| F|  |TAMS 0x0000000712a00000| PB 0x0000000712a00000| Untracked 
| 109|0x0000000712c00000, 0x0000000712c00000, 0x0000000712e00000|  0%| F|  |TAMS 0x0000000712c00000| PB 0x0000000712c00000| Untracked 
| 110|0x0000000712e00000, 0x0000000712e00000, 0x0000000713000000|  0%| F|  |TAMS 0x0000000712e00000| PB 0x0000000712e00000| Untracked 
| 111|0x0000000713000000, 0x0000000713000000, 0x0000000713200000|  0%| F|  |TAMS 0x0000000713000000| PB 0x0000000713000000| Untracked 
| 112|0x0000000713200000, 0x0000000713200000, 0x0000000713400000|  0%| F|  |TAMS 0x0000000713200000| PB 0x0000000713200000| Untracked 
| 113|0x0000000713400000, 0x0000000713400000, 0x0000000713600000|  0%| F|  |TAMS 0x0000000713400000| PB 0x0000000713400000| Untracked 
| 114|0x0000000713600000, 0x0000000713600000, 0x0000000713800000|  0%| F|  |TAMS 0x0000000713600000| PB 0x0000000713600000| Untracked 
| 115|0x0000000713800000, 0x0000000713800000, 0x0000000713a00000|  0%| F|  |TAMS 0x0000000713800000| PB 0x0000000713800000| Untracked 
| 116|0x0000000713a00000, 0x0000000713a00000, 0x0000000713c00000|  0%| F|  |TAMS 0x0000000713a00000| PB 0x0000000713a00000| Untracked 
| 117|0x0000000713c00000, 0x0000000713ce18c0, 0x0000000713e00000| 44%| E|  |TAMS 0x0000000713c00000| PB 0x0000000713c00000| Complete 
| 118|0x0000000713e00000, 0x0000000714000000, 0x0000000714000000|100%| E|CS|TAMS 0x0000000713e00000| PB 0x0000000713e00000| Complete 
| 119|0x0000000714000000, 0x0000000714200000, 0x0000000714200000|100%| E|CS|TAMS 0x0000000714000000| PB 0x0000000714000000| Complete 
| 120|0x0000000714200000, 0x0000000714400000, 0x0000000714400000|100%| E|CS|TAMS 0x0000000714200000| PB 0x0000000714200000| Complete 
| 121|0x0000000714400000, 0x0000000714600000, 0x0000000714600000|100%| E|CS|TAMS 0x0000000714400000| PB 0x0000000714400000| Complete 
| 122|0x0000000714600000, 0x0000000714800000, 0x0000000714800000|100%| E|CS|TAMS 0x0000000714600000| PB 0x0000000714600000| Complete 
| 123|0x0000000714800000, 0x0000000714a00000, 0x0000000714a00000|100%| E|CS|TAMS 0x0000000714800000| PB 0x0000000714800000| Complete 
| 124|0x0000000714a00000, 0x0000000714c00000, 0x0000000714c00000|100%| E|CS|TAMS 0x0000000714a00000| PB 0x0000000714a00000| Complete 
| 125|0x0000000714c00000, 0x0000000714e00000, 0x0000000714e00000|100%| E|CS|TAMS 0x0000000714c00000| PB 0x0000000714c00000| Complete 

Card table byte_map: [0x0000022144670000,0x0000022144e50000] _byte_map_base: 0x0000022140e47000

Marking Bits: (CMBitMap*) 0x0000022130624180
 Bits: [0x0000022144e50000, 0x0000022148d08000)

Polling page: 0x000002212fd80000

Metaspace:

Usage:
  Non-class:      3.04 MB used.
      Class:    423.90 KB used.
       Both:      3.46 MB used.

Virtual space:
  Non-class space:       64.00 MB reserved,       3.19 MB (  5%) committed,  1 nodes.
      Class space:        1.00 GB reserved,     512.00 KB ( <1%) committed,  1 nodes.
             Both:        1.06 GB reserved,       3.69 MB ( <1%) committed. 

Chunk freelists:
   Non-Class:  10.17 MB
       Class:  15.39 MB
        Both:  25.56 MB

MaxMetaspaceSize: unlimited
CompressedClassSpaceSize: 1.00 GB
Initial GC threshold: 21.00 MB
Current GC threshold: 21.00 MB
CDS: on
 - commit_granule_bytes: 65536.
 - commit_granule_words: 8192.
 - virtual_space_node_default_size: 8388608.
 - enlarge_chunks_in_place: 1.
 - use_allocation_guard: 0.


Internal statistics:

num_allocs_failed_limit: 0.
num_arena_births: 194.
num_arena_deaths: 0.
num_vsnodes_births: 2.
num_vsnodes_deaths: 0.
num_space_committed: 59.
num_space_uncommitted: 0.
num_chunks_returned_to_freelist: 0.
num_chunks_taken_from_freelist: 349.
num_chunk_merges: 0.
num_chunk_splits: 201.
num_chunks_enlarged: 97.
num_inconsistent_stats: 0.

CodeHeap 'non-profiled nmethods': size=119168Kb used=423Kb max_used=423Kb free=118744Kb
 bounds [0x000002213c1a0000, 0x000002213c410000, 0x0000022143600000]
CodeHeap 'profiled nmethods': size=119104Kb used=2091Kb max_used=2091Kb free=117012Kb
 bounds [0x0000022134600000, 0x0000022134870000, 0x000002213ba50000]
CodeHeap 'non-nmethods': size=7488Kb used=1991Kb max_used=2034Kb free=5496Kb
 bounds [0x000002213ba50000, 0x000002213bcc0000, 0x000002213c1a0000]
CodeCache: size=245760Kb, used=4505Kb, max_used=4548Kb, free=241252Kb
 total_blobs=1794, nmethods=1278, adapters=420, full_count=0
Compilation: enabled, stopped_count=0, restarted_count=0

Compilation events (20 events):
Event: 0.916 Thread 0x00000221921057b0 1271   !   3       jdk.internal.misc.ScopedMemoryAccess::copyMemoryInternal (56 bytes)
Event: 0.917 Thread 0x00000221921057b0 nmethod 1271 0x0000022134806390 code [0x0000022134806580, 0x0000022134806ab8]
Event: 0.917 Thread 0x000002214bdb11a0 nmethod 1270 0x0000022134806e10 code [0x0000022134807020, 0x0000022134807640]
Event: 0.918 Thread 0x000002214bdb11a0 1272   !   3       java.lang.invoke.MethodHandleNatives::linkMethodHandleConstant (50 bytes)
Event: 0.918 Thread 0x00000221921057b0 1273       3       java.lang.invoke.MethodHandles$Lookup::linkMethodHandleConstant (223 bytes)
Event: 0.918 Thread 0x000002214bdb11a0 nmethod 1272 0x0000022134807a10 code [0x0000022134807be0, 0x0000022134807de8]
Event: 0.920 Thread 0x00000221921057b0 nmethod 1273 0x0000022134807f90 code [0x0000022134808380, 0x0000022134809b70]
Event: 0.920 Thread 0x000002219281fcb0 1274       4       java.lang.String::<init> (99 bytes)
Event: 0.920 Thread 0x000002219282a940 1275       4       java.lang.AbstractStringBuilder::<init> (39 bytes)
Event: 0.921 Thread 0x000002214bda5040 nmethod 1266 0x000002213c207e10 code [0x000002213c208020, 0x000002213c208448]
Event: 0.922 Thread 0x000002219282a940 nmethod 1275 0x000002213c208790 code [0x000002213c208920, 0x000002213c208b98]
Event: 0.924 Thread 0x000002214bdb11a0 1276       3       java.nio.MappedByteBuffer::limit (6 bytes)
Event: 0.924 Thread 0x000002214bdb11a0 nmethod 1276 0x000002213480a310 code [0x000002213480a4c0, 0x000002213480a6d0]
Event: 0.924 Thread 0x00000221921057b0 1277       1       java.util.concurrent.atomic.AtomicInteger::get (5 bytes)
Event: 0.924 Thread 0x00000221921057b0 nmethod 1277 0x000002213c208c90 code [0x000002213c208e20, 0x000002213c208ee8]
Event: 0.926 Thread 0x000002219281fcb0 nmethod 1274 0x000002213c208f90 code [0x000002213c209160, 0x000002213c209738]
Event: 0.926 Thread 0x00000221921057b0 1278       3       java.nio.ByteBuffer::get (9 bytes)
Event: 0.926 Thread 0x00000221921057b0 nmethod 1278 0x000002213480a810 code [0x000002213480a9c0, 0x000002213480aba0]
Event: 0.926 Thread 0x00000221921057b0 1279       1       sun.security.provider.DigestBase::engineGetDigestLength (5 bytes)
Event: 0.926 Thread 0x00000221921057b0 nmethod 1279 0x000002213c209a10 code [0x000002213c209ba0, 0x000002213c209c68]

GC Heap History (0 events):
No events

Dll operation events (2 events):
Event: 0.019 Loaded shared library C:\Program Files\JetBrains\IntelliJ IDEA 2025.2.3\jbr\bin\java.dll
Event: 0.086 Loaded shared library C:\Program Files\JetBrains\IntelliJ IDEA 2025.2.3\jbr\bin\zip.dll

Deoptimization events (20 events):
Event: 0.870 Thread 0x0000022192836a00 Uncommon trap: trap_request=0xffffffc6 fr.pc=0x000002213c1f7b44 relative=0x0000000000000164
Event: 0.870 Thread 0x0000022192836a00 Uncommon trap: reason=bimorphic_or_optimized_type_check action=maybe_recompile pc=0x000002213c1f7b44 method=sun.security.util.math.intpoly.IntegerPolynomial$MutableElement.setProduct(Lsun/security/util/math/IntegerModuloP;)Lsun/security/util/math/intpoly/
Event: 0.870 Thread 0x0000022192836a00 DEOPT PACKING pc=0x000002213c1f7b44 sp=0x000000a084dfe3f0
Event: 0.870 Thread 0x0000022192836a00 DEOPT UNPACKING pc=0x000002213baa46a2 sp=0x000000a084dfe318 mode 2
Event: 0.870 Thread 0x0000022192836a00 Uncommon trap: trap_request=0xffffffc6 fr.pc=0x000002213c1f7b44 relative=0x0000000000000164
Event: 0.870 Thread 0x0000022192836a00 Uncommon trap: reason=bimorphic_or_optimized_type_check action=maybe_recompile pc=0x000002213c1f7b44 method=sun.security.util.math.intpoly.IntegerPolynomial$MutableElement.setProduct(Lsun/security/util/math/IntegerModuloP;)Lsun/security/util/math/intpoly/
Event: 0.870 Thread 0x0000022192836a00 DEOPT PACKING pc=0x000002213c1f7b44 sp=0x000000a084dfe3f0
Event: 0.870 Thread 0x0000022192836a00 DEOPT UNPACKING pc=0x000002213baa46a2 sp=0x000000a084dfe318 mode 2
Event: 0.870 Thread 0x0000022192836a00 Uncommon trap: trap_request=0xffffffc6 fr.pc=0x000002213c1f7b44 relative=0x0000000000000164
Event: 0.870 Thread 0x0000022192836a00 Uncommon trap: reason=bimorphic_or_optimized_type_check action=maybe_recompile pc=0x000002213c1f7b44 method=sun.security.util.math.intpoly.IntegerPolynomial$MutableElement.setProduct(Lsun/security/util/math/IntegerModuloP;)Lsun/security/util/math/intpoly/
Event: 0.870 Thread 0x0000022192836a00 DEOPT PACKING pc=0x000002213c1f7b44 sp=0x000000a084dfe3f0
Event: 0.870 Thread 0x0000022192836a00 DEOPT UNPACKING pc=0x000002213baa46a2 sp=0x000000a084dfe318 mode 2
Event: 0.870 Thread 0x0000022192836a00 Uncommon trap: trap_request=0xffffffc6 fr.pc=0x000002213c1f7b44 relative=0x0000000000000164
Event: 0.870 Thread 0x0000022192836a00 Uncommon trap: reason=bimorphic_or_optimized_type_check action=maybe_recompile pc=0x000002213c1f7b44 method=sun.security.util.math.intpoly.IntegerPolynomial$MutableElement.setProduct(Lsun/security/util/math/IntegerModuloP;)Lsun/security/util/math/intpoly/
Event: 0.870 Thread 0x0000022192836a00 DEOPT PACKING pc=0x000002213c1f7b44 sp=0x000000a084dfe3f0
Event: 0.870 Thread 0x0000022192836a00 DEOPT UNPACKING pc=0x000002213baa46a2 sp=0x000000a084dfe318 mode 2
Event: 0.923 Thread 0x00000221927d9d00 Uncommon trap: trap_request=0xffffff45 fr.pc=0x000002213c1f5378 relative=0x0000000000000938
Event: 0.923 Thread 0x00000221927d9d00 Uncommon trap: reason=unstable_if action=reinterpret pc=0x000002213c1f5378 method=java.util.HashMap.putVal(ILjava/lang/Object;Ljava/lang/Object;ZZ)Ljava/lang/Object; @ 81 c2
Event: 0.923 Thread 0x00000221927d9d00 DEOPT PACKING pc=0x000002213c1f5378 sp=0x000000a084cff2b0
Event: 0.923 Thread 0x00000221927d9d00 DEOPT UNPACKING pc=0x000002213baa46a2 sp=0x000000a084cff270 mode 2

Classes loaded (20 events):
Event: 0.576 Loading class jdk/net/ExtendedSocketOptions$1
Event: 0.576 Loading class jdk/net/ExtendedSocketOptions$1 done
Event: 0.578 Loading class java/nio/BufferMismatch
Event: 0.579 Loading class java/nio/BufferMismatch done
Event: 0.579 Loading class sun/nio/ch/SourceChannelImpl
Event: 0.579 Loading class java/nio/channels/Pipe$SourceChannel
Event: 0.579 Loading class java/nio/channels/Pipe$SourceChannel done
Event: 0.579 Loading class sun/nio/ch/SourceChannelImpl done
Event: 0.579 Loading class sun/nio/ch/SinkChannelImpl
Event: 0.579 Loading class java/nio/channels/Pipe$SinkChannel
Event: 0.579 Loading class java/nio/channels/Pipe$SinkChannel done
Event: 0.579 Loading class sun/nio/ch/SinkChannelImpl done
Event: 0.596 Loading class sun/net/spi/DefaultProxySelector$NonProxyInfo
Event: 0.597 Loading class sun/net/spi/DefaultProxySelector$NonProxyInfo done
Event: 0.597 Loading class sun/net/spi/DefaultProxySelector$3
Event: 0.597 Loading class sun/net/spi/DefaultProxySelector$3 done
Event: 0.864 Loading class jdk/internal/event/X509CertificateEvent
Event: 0.864 Loading class jdk/internal/event/X509CertificateEvent done
Event: 0.878 Loading class jdk/internal/event/TLSHandshakeEvent
Event: 0.878 Loading class jdk/internal/event/TLSHandshakeEvent done

Classes unloaded (0 events):
No events

Classes redefined (0 events):
No events

Internal exceptions (20 events):
Event: 0.394 Thread 0x000002212e343dd0 Exception <a 'java/lang/NoSuchMethodError'{0x00000007149d40e0}: 'java.lang.Object java.lang.invoke.DirectMethodHandle$Holder.invokeStaticInit(java.lang.Object, java.lang.Object, int, int, int, int)'> (0x00000007149d40e0) 
thrown [s\src\hotspot\share\interpreter\linkResolver.cpp, line 784]
Event: 0.424 Thread 0x000002212e343dd0 Exception <a 'java/lang/NoSuchMethodError'{0x0000000714695848}: 'java.lang.Object java.lang.invoke.DirectMethodHandle$Holder.invokeStaticInit(java.lang.Object, java.lang.Object, int)'> (0x0000000714695848) 
thrown [s\src\hotspot\share\interpreter\linkResolver.cpp, line 784]
Event: 0.425 Thread 0x000002212e343dd0 Exception <a 'java/lang/NoSuchMethodError'{0x000000071469b750}: 'java.lang.Object java.lang.invoke.DirectMethodHandle$Holder.newInvokeSpecial(java.lang.Object, java.lang.Object, int)'> (0x000000071469b750) 
thrown [s\src\hotspot\share\interpreter\linkResolver.cpp, line 784]
Event: 0.434 Thread 0x000002212e343dd0 Exception <a 'java/lang/NoSuchMethodError'{0x00000007146b1390}: 'int java.lang.invoke.DirectMethodHandle$Holder.invokeSpecialIFC(java.lang.Object, java.lang.Object, java.lang.Object)'> (0x00000007146b1390) 
thrown [s\src\hotspot\share\interpreter\linkResolver.cpp, line 784]
Event: 0.458 Thread 0x000002212e343dd0 Exception <a 'java/lang/NoSuchMethodError'{0x00000007146e92c8}: 'java.lang.Object java.lang.invoke.Invokers$Holder.invoke_MT(java.lang.Object, java.lang.Object, java.lang.Object, java.lang.Object, java.lang.Object, java.lang.Object, java.lang.Object, java.lang.Object, java.lang.Object, java.lang.Object)'> (0x00000007146e92c8) 
thrown [s\src\hotspot\share\interpreter\linkResolver.cpp, line 784]
Event: 0.474 Thread 0x000002212e343dd0 Exception <a 'java/lang/NoSuchMethodError'{0x0000000714728f00}: 'int java.lang.invoke.DirectMethodHandle$Holder.invokeSpecial(java.lang.Object, java.lang.Object, java.lang.Object, java.lang.Object)'> (0x0000000714728f00) 
thrown [s\src\hotspot\share\interpreter\linkResolver.cpp, line 784]
Event: 0.477 Thread 0x000002212e343dd0 Exception <a 'java/lang/NoSuchMethodError'{0x000000071473e230}: 'java.lang.Object java.lang.invoke.DirectMethodHandle$Holder.invokeSpecial(java.lang.Object, java.lang.Object, int, java.lang.Object, java.lang.Object)'> (0x000000071473e230) 
thrown [s\src\hotspot\share\interpreter\linkResolver.cpp, line 784]
Event: 0.477 Thread 0x000002212e343dd0 Exception <a 'java/lang/NoSuchMethodError'{0x0000000714741bc0}: 'java.lang.Object java.lang.invoke.DelegatingMethodHandle$Holder.delegate(java.lang.Object, int, java.lang.Object, java.lang.Object)'> (0x0000000714741bc0) 
thrown [s\src\hotspot\share\interpreter\linkResolver.cpp, line 784]
Event: 0.480 Thread 0x000002212e343dd0 Exception <a 'java/lang/NoSuchMethodError'{0x0000000714751428}: 'int java.lang.invoke.Invokers$Holder.linkToTargetMethod(java.lang.Object, java.lang.Object, java.lang.Object)'> (0x0000000714751428) 
thrown [s\src\hotspot\share\interpreter\linkResolver.cpp, line 784]
Event: 0.488 Thread 0x000002212e343dd0 Exception <a 'java/lang/NoSuchMethodError'{0x0000000714784610}: 'long java.lang.invoke.DirectMethodHandle$Holder.invokeSpecial(java.lang.Object, java.lang.Object)'> (0x0000000714784610) 
thrown [s\src\hotspot\share\interpreter\linkResolver.cpp, line 784]
Event: 0.489 Thread 0x000002212e343dd0 Exception <a 'java/lang/NoSuchMethodError'{0x000000071478b360}: 'java.lang.Object java.lang.invoke.Invokers$Holder.invokeExact_MT(java.lang.Object, java.lang.Object, java.lang.Object, java.lang.Object, java.lang.Object, java.lang.Object)'> (0x000000071478b360) 
thrown [s\src\hotspot\share\interpreter\linkResolver.cpp, line 784]
Event: 0.590 Thread 0x000002212e343dd0 Exception <a 'java/lang/NoSuchMethodError'{0x000000071458c390}: 'java.lang.Object java.lang.invoke.DirectMethodHandle$Holder.newInvokeSpecial(java.lang.Object, java.lang.Object, java.lang.Object, java.lang.Object, java.lang.Object)'> (0x000000071458c390) 
thrown [s\src\hotspot\share\interpreter\linkResolver.cpp, line 784]
Event: 0.636 Thread 0x000002212e343dd0 Exception <a 'java/lang/NoSuchMethodError'{0x0000000714352490}: 'java.lang.Object java.lang.invoke.DirectMethodHandle$Holder.invokeSpecial(java.lang.Object, java.lang.Object, java.lang.Object, java.lang.Object, int)'> (0x0000000714352490) 
thrown [s\src\hotspot\share\interpreter\linkResolver.cpp, line 784]
Event: 0.637 Thread 0x000002212e343dd0 Exception <a 'java/lang/NoSuchMethodError'{0x00000007143560e0}: 'java.lang.Object java.lang.invoke.Invokers$Holder.linkToTargetMethod(java.lang.Object, java.lang.Object, int, java.lang.Object)'> (0x00000007143560e0) 
thrown [s\src\hotspot\share\interpreter\linkResolver.cpp, line 784]
Event: 0.646 Thread 0x000002212e343dd0 Exception <a 'java/lang/NoSuchMethodError'{0x0000000714384680}: 'void java.lang.invoke.DirectMethodHandle$Holder.invokeSpecial(java.lang.Object, java.lang.Object, java.lang.Object)'> (0x0000000714384680) 
thrown [s\src\hotspot\share\interpreter\linkResolver.cpp, line 784]
Event: 0.668 Thread 0x00000221927d9d00 Exception <a 'java/lang/NoSuchMethodError'{0x00000007145e8ea8}: 'void java.lang.invoke.DirectMethodHandle$Holder.invokeStatic(java.lang.Object, java.lang.Object, int)'> (0x00000007145e8ea8) 
thrown [s\src\hotspot\share\interpreter\linkResolver.cpp, line 784]
Event: 0.670 Thread 0x000002212e343dd0 Exception <a 'java/lang/NoSuchMethodError'{0x00000007140146d8}: 'void java.lang.invoke.DirectMethodHandle$Holder.invokeSpecial(java.lang.Object, java.lang.Object, java.lang.Object, java.lang.Object, java.lang.Object)'> (0x00000007140146d8) 
thrown [s\src\hotspot\share\interpreter\linkResolver.cpp, line 784]
Event: 0.682 Thread 0x0000022192836a00 Exception <a 'java/lang/NoSuchMethodError'{0x0000000714105aa8}: 'void java.lang.invoke.DirectMethodHandle$Holder.invokeInterface(java.lang.Object, java.lang.Object, java.lang.Object)'> (0x0000000714105aa8) 
thrown [s\src\hotspot\share\interpreter\linkResolver.cpp, line 784]
Event: 0.828 Thread 0x0000022192836a00 Exception <a 'java/lang/NoSuchMethodError'{0x0000000713f2ed98}: 'void java.lang.invoke.DirectMethodHandle$Holder.invokeInterface(java.lang.Object, java.lang.Object)'> (0x0000000713f2ed98) 
thrown [s\src\hotspot\share\interpreter\linkResolver.cpp, line 784]
Event: 0.880 Thread 0x0000022192836a00 Exception <a 'java/lang/NoSuchMethodError'{0x0000000713fa3820}: 'void java.lang.invoke.DirectMethodHandle$Holder.invokeStatic(java.lang.Object, java.lang.Object, java.lang.Object, java.lang.Object)'> (0x0000000713fa3820) 
thrown [s\src\hotspot\share\interpreter\linkResolver.cpp, line 784]

ZGC Phase Switch (0 events):
No events

VM Operations (10 events):
Event: 0.153 Executing VM operation: HandshakeAllThreads (Deoptimize)
Event: 0.153 Executing VM operation: HandshakeAllThreads (Deoptimize) done
Event: 0.162 Executing VM operation: HandshakeAllThreads (Deoptimize)
Event: 0.162 Executing VM operation: HandshakeAllThreads (Deoptimize) done
Event: 0.366 Executing VM operation: HandshakeAllThreads (Deoptimize)
Event: 0.366 Executing VM operation: HandshakeAllThreads (Deoptimize) done
Event: 0.671 Executing VM operation: HandshakeAllThreads (Deoptimize)
Event: 0.671 Executing VM operation: HandshakeAllThreads (Deoptimize) done
Event: 0.829 Executing VM operation: ICBufferFull
Event: 0.829 Executing VM operation: ICBufferFull done

Memory protections (0 events):
No events

Nmethod flushes (0 events):
No events

Events (20 events):
Event: 0.095 Thread 0x000002212e343dd0 Thread added: 0x000002214bda02b0
Event: 0.095 Thread 0x000002212e343dd0 Thread added: 0x000002214bda3f50
Event: 0.095 Thread 0x000002212e343dd0 Thread added: 0x000002214bda5040
Event: 0.095 Thread 0x000002212e343dd0 Thread added: 0x000002214bdb11a0
Event: 0.116 Thread 0x000002214bdb11a0 Thread added: 0x00000221921057b0
Event: 0.124 Thread 0x000002212e343dd0 Thread added: 0x0000022192158840
Event: 0.132 Loaded shared library C:\Program Files\JetBrains\IntelliJ IDEA 2025.2.3\jbr\bin\net.dll
Event: 0.137 Loaded shared library C:\Program Files\JetBrains\IntelliJ IDEA 2025.2.3\jbr\bin\nio.dll
Event: 0.145 Loaded shared library C:\Program Files\JetBrains\IntelliJ IDEA 2025.2.3\jbr\bin\zip.dll
Event: 0.225 Loaded shared library C:\Program Files\JetBrains\IntelliJ IDEA 2025.2.3\jbr\bin\jimage.dll
Event: 0.236 Loaded shared library C:\Program Files\JetBrains\IntelliJ IDEA 2025.2.3\jbr\bin\sunmscapi.dll
Event: 0.392 Thread 0x00000221921057b0 Thread added: 0x0000022192242490
Event: 0.575 Loaded shared library C:\Program Files\JetBrains\IntelliJ IDEA 2025.2.3\jbr\bin\extnet.dll
Event: 0.584 Thread 0x000002212e343dd0 Thread added: 0x00000221927d9d00
Event: 0.619 Thread 0x0000022192242490 Thread exited: 0x0000022192242490
Event: 0.679 Thread 0x00000221927d9d00 Thread added: 0x0000022192836a00
Event: 0.702 Thread 0x00000221927d9d00 Thread added: 0x00000221928da370
Event: 0.726 Thread 0x000002214bdb11a0 Thread added: 0x0000022192949d70
Event: 0.740 Thread 0x00000221921057b0 Thread added: 0x000002219281fcb0
Event: 0.740 Thread 0x00000221921057b0 Thread added: 0x000002219282a940


Dynamic libraries:
0x00007ff7160f0000 - 0x00007ff7160fa000 	C:\Program Files\JetBrains\IntelliJ IDEA 2025.2.3\jbr\bin\java.exe
0x00007ffff73e0000 - 0x00007ffff7648000 	C:\WINDOWS\SYSTEM32\ntdll.dll
0x00007ffff64f0000 - 0x00007ffff65b9000 	C:\WINDOWS\System32\KERNEL32.DLL
0x00007ffff4ab0000 - 0x00007ffff4ea2000 	C:\WINDOWS\System32\KERNELBASE.dll
0x00007ffff4570000 - 0x00007ffff46bb000 	C:\WINDOWS\System32\ucrtbase.dll
0x00007fffd1a30000 - 0x00007fffd1a4b000 	C:\Program Files\JetBrains\IntelliJ IDEA 2025.2.3\jbr\bin\VCRUNTIME140.dll
0x00007fffdfe00000 - 0x00007fffdfe18000 	C:\Program Files\JetBrains\IntelliJ IDEA 2025.2.3\jbr\bin\jli.dll
0x00007ffff54e0000 - 0x00007ffff56a5000 	C:\WINDOWS\System32\USER32.dll
0x00007ffff50e0000 - 0x00007ffff5107000 	C:\WINDOWS\System32\win32u.dll
0x00007fffd1150000 - 0x00007fffd13e3000 	C:\WINDOWS\WinSxS\amd64_microsoft.windows.common-controls_6595b64144ccf1df_6.0.26100.6899_none_3e0efeeae32e88c1\COMCTL32.dll
0x00007ffff62a0000 - 0x00007ffff62cb000 	C:\WINDOWS\System32\GDI32.dll
0x00007ffff72f0000 - 0x00007ffff7399000 	C:\WINDOWS\System32\msvcrt.dll
0x00007ffff46c0000 - 0x00007ffff47ed000 	C:\WINDOWS\System32\gdi32full.dll
0x00007ffff5030000 - 0x00007ffff50d3000 	C:\WINDOWS\System32\msvcp_win.dll
0x00007ffff5300000 - 0x00007ffff532f000 	C:\WINDOWS\System32\IMM32.DLL
0x00007ffff1370000 - 0x00007ffff137c000 	C:\Program Files\JetBrains\IntelliJ IDEA 2025.2.3\jbr\bin\vcruntime140_1.dll
0x00007fffd4510000 - 0x00007fffd459d000 	C:\Program Files\JetBrains\IntelliJ IDEA 2025.2.3\jbr\bin\msvcp140.dll
0x00007fff1acf0000 - 0x00007fff1babb000 	C:\Program Files\JetBrains\IntelliJ IDEA 2025.2.3\jbr\bin\server\jvm.dll
0x00007ffff5980000 - 0x00007ffff5a34000 	C:\WINDOWS\System32\ADVAPI32.dll
0x00007ffff5a40000 - 0x00007ffff5ae6000 	C:\WINDOWS\System32\sechost.dll
0x00007ffff5340000 - 0x00007ffff5458000 	C:\WINDOWS\System32\RPCRT4.dll
0x00007ffff5f60000 - 0x00007ffff5fd4000 	C:\WINDOWS\System32\WS2_32.dll
0x00007fffe6c20000 - 0x00007fffe6c55000 	C:\WINDOWS\SYSTEM32\WINMM.dll
0x00007ffff3d60000 - 0x00007ffff3dbe000 	C:\WINDOWS\SYSTEM32\POWRPROF.dll
0x00007fffe9a50000 - 0x00007fffe9a5b000 	C:\WINDOWS\SYSTEM32\VERSION.dll
0x00007ffff3d40000 - 0x00007ffff3d54000 	C:\WINDOWS\SYSTEM32\UMPDC.dll
0x00007ffff3340000 - 0x00007ffff335b000 	C:\WINDOWS\SYSTEM32\kernel.appcore.dll
0x00007fffec2a0000 - 0x00007fffec2aa000 	C:\Program Files\JetBrains\IntelliJ IDEA 2025.2.3\jbr\bin\jimage.dll
0x00007ffff10d0000 - 0x00007ffff1312000 	C:\WINDOWS\SYSTEM32\DBGHELP.DLL
0x00007ffff5af0000 - 0x00007ffff5e6b000 	C:\WINDOWS\System32\combase.dll
0x00007ffff5e80000 - 0x00007ffff5f57000 	C:\WINDOWS\System32\OLEAUT32.dll
0x00007fffcb9e0000 - 0x00007fffcba1c000 	C:\WINDOWS\SYSTEM32\dbgcore.DLL
0x00007ffff5110000 - 0x00007ffff51a8000 	C:\WINDOWS\System32\bcryptPrimitives.dll
0x00007fffb9d40000 - 0x00007fffb9d60000 	C:\Program Files\JetBrains\IntelliJ IDEA 2025.2.3\jbr\bin\java.dll
0x00007ffff65e0000 - 0x00007ffff6d2d000 	C:\WINDOWS\System32\SHELL32.dll
0x00007ffff48b0000 - 0x00007ffff4a1b000 	C:\WINDOWS\System32\wintypes.dll
0x00007ffff21c0000 - 0x00007ffff2a1d000 	C:\WINDOWS\SYSTEM32\windows.storage.dll
0x00007ffff51b0000 - 0x00007ffff52a2000 	C:\WINDOWS\System32\SHCORE.dll
0x00007ffff6480000 - 0x00007ffff64e2000 	C:\WINDOWS\System32\shlwapi.dll
0x00007ffff4490000 - 0x00007ffff44b9000 	C:\WINDOWS\SYSTEM32\profapi.dll
0x00007fffb7ba0000 - 0x00007fffb7bb8000 	C:\Program Files\JetBrains\IntelliJ IDEA 2025.2.3\jbr\bin\zip.dll
0x00007fffec1e0000 - 0x00007fffec1f0000 	C:\Program Files\JetBrains\IntelliJ IDEA 2025.2.3\jbr\bin\net.dll
0x00007fffee1e0000 - 0x00007fffee2ff000 	C:\WINDOWS\SYSTEM32\WINHTTP.dll
0x00007ffff38b0000 - 0x00007ffff391b000 	C:\WINDOWS\system32\mswsock.dll
0x00007fffb7990000 - 0x00007fffb79a6000 	C:\Program Files\JetBrains\IntelliJ IDEA 2025.2.3\jbr\bin\nio.dll
0x00007fffd1770000 - 0x00007fffd177e000 	C:\Program Files\JetBrains\IntelliJ IDEA 2025.2.3\jbr\bin\sunmscapi.dll
0x00007ffff4eb0000 - 0x00007ffff5027000 	C:\WINDOWS\System32\CRYPT32.dll
0x00007ffff3ea0000 - 0x00007ffff3ed0000 	C:\WINDOWS\SYSTEM32\ncrypt.dll
0x00007ffff3e50000 - 0x00007ffff3e8f000 	C:\WINDOWS\SYSTEM32\NTASN1.dll
0x00007ffff3b70000 - 0x00007ffff3b8b000 	C:\WINDOWS\SYSTEM32\CRYPTSP.dll
0x00007ffff32a0000 - 0x00007ffff32db000 	C:\WINDOWS\system32\rsaenh.dll
0x00007ffff3950000 - 0x00007ffff397b000 	C:\WINDOWS\SYSTEM32\USERENV.dll
0x00007ffff4460000 - 0x00007ffff4486000 	C:\WINDOWS\SYSTEM32\bcrypt.dll
0x00007ffff3b60000 - 0x00007ffff3b6c000 	C:\WINDOWS\SYSTEM32\CRYPTBASE.dll
0x00007ffff2e90000 - 0x00007ffff2ec4000 	C:\WINDOWS\SYSTEM32\IPHLPAPI.DLL
0x00007ffff60a0000 - 0x00007ffff60aa000 	C:\WINDOWS\System32\NSI.dll
0x00007fffe1da0000 - 0x00007fffe1da8000 	C:\WINDOWS\system32\wshunix.dll
0x00007fff8a630000 - 0x00007fff8a639000 	C:\Program Files\JetBrains\IntelliJ IDEA 2025.2.3\jbr\bin\extnet.dll

JVMTI agents: none

dbghelp: loaded successfully - version: 4.0.5 - missing functions: none
symbol engine: initialized successfully - sym options: 0x614 - pdb path: .;C:\Program Files\JetBrains\IntelliJ IDEA 2025.2.3\jbr\bin;C:\WINDOWS\SYSTEM32;C:\WINDOWS\WinSxS\amd64_microsoft.windows.common-controls_6595b64144ccf1df_6.0.26100.6899_none_3e0efeeae32e88c1;C:\Program Files\JetBrains\IntelliJ IDEA 2025.2.3\jbr\bin\server

VM Arguments:
java_command: git4idea.http.GitAskPassApp Username for 'https://github.com': 
java_class_path (initial): C:/Program Files/JetBrains/IntelliJ IDEA 2025.2.3/plugins/vcs-git/lib/git4idea-rt.jar;C:/Program Files/JetBrains/IntelliJ IDEA 2025.2.3/lib/externalProcess-rt.jar
Launcher Type: SUN_STANDARD

[Global flags]
     intx CICompilerCount                          = 12                                        {product} {ergonomic}
     uint ConcGCThreads                            = 3                                         {product} {ergonomic}
     uint G1ConcRefinementThreads                  = 13                                        {product} {ergonomic}
   size_t G1HeapRegionSize                         = 2097152                                   {product} {ergonomic}
    uintx GCDrainStackTargetSize                   = 64                                        {product} {ergonomic}
   size_t InitialHeapSize                          = 264241152                                 {product} {ergonomic}
   size_t MarkStackSize                            = 4194304                                   {product} {ergonomic}
   size_t MaxHeapSize                              = 4208984064                                {product} {ergonomic}
   size_t MaxNewSize                               = 2524971008                                {product} {ergonomic}
   size_t MinHeapDeltaBytes                        = 2097152                                   {product} {ergonomic}
   size_t MinHeapSize                              = 8388608                                   {product} {ergonomic}
    uintx NonNMethodCodeHeapSize                   = 7602480                                {pd product} {ergonomic}
    uintx NonProfiledCodeHeapSize                  = 122027880                              {pd product} {ergonomic}
    uintx ProfiledCodeHeapSize                     = 122027880                              {pd product} {ergonomic}
    uintx ReservedCodeCacheSize                    = 251658240                              {pd product} {ergonomic}
     bool SegmentedCodeCache                       = true                                      {product} {ergonomic}
   size_t SoftMaxHeapSize                          = 4208984064                             {manageable} {ergonomic}
     bool UseCompressedOops                        = true                           {product lp64_product} {ergonomic}
     bool UseG1GC                                  = true                                      {product} {ergonomic}
     bool UseLargePagesIndividualAllocation        = false                                  {pd product} {ergonomic}

Logging:
Log output configuration:
 #0: stdout all=warning uptime,level,tags foldmultilines=false
 #1: stderr all=off uptime,level,tags foldmultilines=false

Environment Variables:
JAVA_HOME=C:\Program Files\Java\jdk-17
PATH=C:\Program Files\Git\mingw64\libexec\git-core;C:\Program Files\Git\mingw64\libexec\git-core;C:\Program Files\Git\mingw64\bin;C:\Program Files\Git\usr\bin;C:\Users\Jeyer\bin;C:\Program Files\Microsoft\jdk-17.0.10.7-hotspot\bin;C:\Program Files\Common Files\Oracle\Java\javapath;C:\ProgramData\chocolatey\bin;C:\Program Files\MySQL\mysql-8.0.39-winx64\bin;C:\Windows\System32;C:\Program Files (x86)\NVIDIA Corporation\PhysX\Common;C:\xampp\php;C:\WINDOWS\system32;C:\WINDOWS;C:\WINDOWS\System32\Wbem;C:\WINDOWS\System32\WindowsPowerShell\v1.0;C:\WINDOWS\System32\OpenSSH;C:\Program Files\Git\cmd;C:\Program Files\Docker\Docker\resources\bin;C:\Program Files\Vagrant\bin;C:\Program Files\MySQL\MySQL Server 8.0\bin;C:\Program Files\PostgreSQL\16\bin;C:\ProgramData\nvm;C:\nvm4w\nodejs;C:\Program Files\NVIDIA Corporation\NVIDIA App\NvDLISR;C:\Program Files\MySQL\MySQL Shell 8.0\bin;C:\Users\Jeyer\AppData\Local\Programs\Python\Python311\Scripts;C:\Users\Jeyer\AppData\Local\Programs\Python\Python311;C:\Users\Jeyer\AppData\Local\Microsoft\WindowsApps;C:\Users\Jeyer\AppData\Local\Programs\Microsoft VS Code\bin;C:\Program Files\JetBrains\IntelliJ IDEA 2023.2.1\bin;C:\Program Files\apache-maven-3.9.6\bin\bin;C:\Program Files\apache-maven-3.9.6\bin;C:\Users\Jeyer\AppData\Local\Programs\mongosh;C:\Users\Jeyer\AppData\Local\Android\Sdk\platform-tools;C:\Program Files\MySQL\mysql-8.0.39-winx64\bin;C:\Users\Jeyer\Downloads\stripe_1.19.2_windows_x86_64;C:\Program Files\Gradle\gradle-8.6\bin;C:\Users\Jeyer\AppData\Local\ComposerSetup\bin;C:\Users\Jeyer\AppData\Roaming\Composer\vendor\bin;C:\Users\Jeyer\AppData\Local\GitHubDesktop\bin;C:\ProgramData\nvm;C:\nvm4w\nodejs
USERNAME=Jeyer
DISPLAY=:0.0
LC_ALL=en_US.UTF-8
TERM=xterm-256color
TMPDIR=C:\Users\Jeyer\AppData\Local\Temp
OS=Windows_NT
PROCESSOR_IDENTIFIER=Intel64 Family 6 Model 154 Stepping 3, GenuineIntel
TMP=C:\Users\Jeyer\AppData\Local\Temp
TEMP=C:\Users\Jeyer\AppData\Local\Temp




Periodic native trim disabled

JNI global refs:
JNI global refs: 29, weak refs: 0

JNI global refs memory usage: 835, weak refs: 833

Process memory usage:
Resident Set Size: 94360K (0% of 16437284K total physical memory with 2793568K free physical memory)

OOME stack traces (most recent first):
Classloader memory used:
Loader jdk.internal.loader.ClassLoaders$PlatformClassLoader                            : 1927K
Loader bootstrap                                                                       : 1589K
Loader jdk.internal.loader.ClassLoaders$AppClassLoader                                 : 25744B

---------------  S Y S T E M  ---------------

OS:
 Windows 11 , 64 bit Build 26100 (10.0.26100.6725)
OS uptime: 0 days 6:32 hours
Hyper-V role detected

CPU: total 16 (initial active 16) (8 cores per cpu, 2 threads per core) family 6 model 154 stepping 3 microcode 0x42c, cx8, cmov, fxsr, ht, mmx, 3dnowpref, sse, sse2, sse3, ssse3, sse4.1, sse4.2, popcnt, lzcnt, tsc, tscinvbit, avx, avx2, aes, erms, clmul, bmi1, bmi2, adx, sha, fma, vzeroupper, clflush, clflushopt, clwb, hv, serialize, rdtscp, rdpid, fsrm, f16c, cet_ibt, cet_ss
Processor Information for processor 0
  Max Mhz: 2500, Current Mhz: 2500, Mhz Limit: 2500
Processor Information for processor 1
  Max Mhz: 2500, Current Mhz: 2500, Mhz Limit: 2500
Processor Information for processor 2
  Max Mhz: 2500, Current Mhz: 2500, Mhz Limit: 2500
Processor Information for processor 3
  Max Mhz: 2500, Current Mhz: 2500, Mhz Limit: 2500
Processor Information for processor 4
  Max Mhz: 2500, Current Mhz: 2500, Mhz Limit: 2500
Processor Information for processor 5
  Max Mhz: 2500, Current Mhz: 2500, Mhz Limit: 2500
Processor Information for processor 6
  Max Mhz: 2500, Current Mhz: 2500, Mhz Limit: 2500
Processor Information for processor 7
  Max Mhz: 2500, Current Mhz: 2500, Mhz Limit: 2500
Processor Information for processor 8
  Max Mhz: 2500, Current Mhz: 1800, Mhz Limit: 1800
Processor Information for processor 9
  Max Mhz: 2500, Current Mhz: 1800, Mhz Limit: 1800
Processor Information for processor 10
  Max Mhz: 2500, Current Mhz: 1800, Mhz Limit: 1800
Processor Information for processor 11
  Max Mhz: 2500, Current Mhz: 1800, Mhz Limit: 1800
Processor Information for processor 12
  Max Mhz: 2500, Current Mhz: 1500, Mhz Limit: 1800
Processor Information for processor 13
  Max Mhz: 2500, Current Mhz: 1800, Mhz Limit: 1800
Processor Information for processor 14
  Max Mhz: 2500, Current Mhz: 1800, Mhz Limit: 1800
Processor Information for processor 15
  Max Mhz: 2500, Current Mhz: 1800, Mhz Limit: 1800

Memory: 4k page, system-wide physical 16052M (2728M free)
TotalPageFile size 28072M (AvailPageFile size 6M)
current process WorkingSet (physical memory assigned to process): 92M, peak: 93M
current process commit charge ("private bytes"): 381M, peak: 383M

vm_info: OpenJDK 64-Bit Server VM (21.0.8+1-b1038.72) for windows-amd64 JRE (21.0.8+1-b1038.72), built on 2025-09-08 by "builduser" with MS VC++ 16.10 / 16.11 (VS2019)

END.
